Drill report for atelier-alter.kicad_pcb
Created on 6/18/2022 8:01:00 AM

Copper Layer Stackup:
    =============================================================
    L1 :  F.Cu                      front
    L2 :  B.Cu                      back


Drill file 'atelier-alter-PTH.drl' contains
    plated through holes:
    =============================================================
    T1  0.300mm  0.0118"  (25 holes)
    T2  0.400mm  0.0157"  (3 holes)
    T3  0.600mm  0.0236"  (4 holes)  (with 4 slots)
    T4  1.100mm  0.0433"  (12 holes)

    Total plated holes count 44


Drill file 'atelier-alter-NPTH.drl' contains
    unplated through holes:
    =============================================================
    T1  0.650mm  0.0256"  (2 holes)
    T2  1.700mm  0.0669"  (12 holes)
    T3  3.000mm  0.1181"  (12 holes)
    T4  3.200mm  0.1260"  (4 holes)
    T5  4.000mm  0.1575"  (6 holes)

    Total unplated holes count 36
